{
  "stats": {
    "suites": 1,
    "tests": 1,
    "passes": 1,
    "pending": 0,
    "failures": 0,
    "start": "2025-11-20T05:20:57.710Z",
    "end": "2025-11-20T05:20:58.076Z",
    "duration": 366,
    "testsRegistered": 1,
    "passPercent": 100,
    "pendingPercent": 0,
    "other": 0,
    "hasOther": false,
    "skipped": 0,
    "hasSkipped": false
  },
  "results": [
    {
      "uuid": "485a49ca-3aa3-4d86-a0bb-649b343ff229",
      "title": "",
      "fullFile": "cypress\\e2e\\update-booking.cy.js",
      "file": "cypress\\e2e\\update-booking.cy.js",
      "beforeHooks": [],
      "afterHooks": [],
      "tests": [],
      "suites": [
        {
          "uuid": "5f54f02a-57aa-4a44-8f7c-c75efa7d8d6e",
          "title": "PUT API Test",
          "fullFile": "",
          "file": "",
          "beforeHooks": [],
          "afterHooks": [],
          "tests": [
            {
              "title": "updates a booking",
              "fullTitle": "PUT API Test updates a booking",
              "timedOut": null,
              "duration": 326,
              "state": "passed",
              "speed": "fast",
              "pass": true,
              "fail": false,
              "pending": false,
              "context": null,
              "code": "cy.request({\n  method: 'PUT',\n  url: 'https://restful-booker.herokuapp.com/booking/1',\n  // change ID\n  auth: {\n    username: 'admin',\n    password: 'password123'\n  },\n  body: {\n    firstname: 'James',\n    lastname: 'Moiz',\n    totalprice: 112,\n    depositpaid: true,\n    bookingdates: {\n      checkin: '2023-01-01',\n      checkout: '2023-01-10'\n    },\n    additionalneeds: 'Breakfast'\n  }\n}).then(res => {\n  expect(res.status).to.eq(200);\n  cy.log(JSON.stringify(res.body));\n});",
              "err": {},
              "uuid": "6806f9eb-2753-40cc-b0ca-d57358df7810",
              "parentUUID": "5f54f02a-57aa-4a44-8f7c-c75efa7d8d6e",
              "isHook": false,
              "skipped": false
            }
          ],
          "suites": [],
          "passes": [
            "6806f9eb-2753-40cc-b0ca-d57358df7810"
          ],
          "failures": [],
          "pending": [],
          "skipped": [],
          "duration": 326,
          "root": false,
          "rootEmpty": false,
          "_timeout": 2000
        }
      ],
      "passes": [],
      "failures": [],
      "pending": [],
      "skipped": [],
      "duration": 0,
      "root": true,
      "rootEmpty": true,
      "_timeout": 2000
    }
  ],
  "meta": {
    "mocha": {
      "version": "7.2.0"
    },
    "mochawesome": {
      "options": {
        "quiet": false,
        "reportFilename": "mochawesome",
        "saveHtml": false,
        "saveJson": true,
        "consoleReporter": "spec",
        "useInlineDiffs": false,
        "code": true
      },
      "version": "7.1.4"
    },
    "marge": {
      "options": {
        "reportDir": "cypress/reports",
        "overwrite": false,
        "html": false,
        "json": true
      },
      "version": "6.3.2"
    }
  }
}