{
  "stats": {
    "suites": 2,
    "tests": 2,
    "passes": 2,
    "pending": 0,
    "failures": 0,
    "start": "2025-11-19T11:16:20.690Z",
    "end": "2025-11-19T11:16:25.744Z",
    "duration": 5054,
    "testsRegistered": 2,
    "passPercent": 100,
    "pendingPercent": 0,
    "other": 0,
    "hasOther": false,
    "skipped": 0,
    "hasSkipped": false
  },
  "results": [
    {
      "uuid": "5b3184ad-7500-46b2-909c-8888f8f81bdc",
      "title": "",
      "fullFile": "cypress\\e2e\\Get-bookings.cy.js",
      "file": "cypress\\e2e\\Get-bookings.cy.js",
      "beforeHooks": [],
      "afterHooks": [],
      "tests": [],
      "suites": [
        {
          "uuid": "11a01c03-d5ab-44a4-b752-6fe081c55383",
          "title": "GET API Request Template",
          "fullFile": "",
          "file": "",
          "beforeHooks": [],
          "afterHooks": [],
          "tests": [
            {
              "title": "should successfully fetch data from API",
              "fullTitle": "GET API Request Template should successfully fetch data from API",
              "timedOut": null,
              "duration": 4727,
              "state": "passed",
              "speed": "fast",
              "pass": true,
              "fail": false,
              "pending": false,
              "context": null,
              "code": "cy.request({\n  method: \"GET\",\n  url: \" https://kaplapis.accountsdash.com/api/Api/news?page=5&pageSize=5&sortBy=newsdate&sortDirection=desc\" // Replace with your endpoint\n}).then(response => {\n  // ✅ Check response status\n  expect(response.status).to.eq(200);\n  cy.log(\"Response Body: \" + JSON.stringify(response.body, null, 2));\n});",
              "err": {},
              "uuid": "f26b9708-5095-4657-acbf-59978c72878f",
              "parentUUID": "11a01c03-d5ab-44a4-b752-6fe081c55383",
              "isHook": false,
              "skipped": false
            }
          ],
          "suites": [],
          "passes": [
            "f26b9708-5095-4657-acbf-59978c72878f"
          ],
          "failures": [],
          "pending": [],
          "skipped": [],
          "duration": 4727,
          "root": false,
          "rootEmpty": false,
          "_timeout": 2000
        },
        {
          "uuid": "50bd1da3-a684-4d1c-9502-f5332f56e673",
          "title": "GET API Request by ID Template",
          "fullFile": "",
          "file": "",
          "beforeHooks": [],
          "afterHooks": [],
          "tests": [
            {
              "title": "should successfully fetch data from API for the specific ID",
              "fullTitle": "GET API Request by ID Template should successfully fetch data from API for the specific ID",
              "timedOut": null,
              "duration": 275,
              "state": "passed",
              "speed": "fast",
              "pass": true,
              "fail": false,
              "pending": false,
              "context": null,
              "code": "cy.request({\n  method: \"GET\",\n  url: \"https://restful-booker.herokuapp.com/booking/337\" // Replace with your endpoint\n}).then(response => {\n  // ✅ Check response status\n  expect(response.status).to.eq(200);\n  // ✅ Check response body has expected structure\n  expect(response.body).to.have.property(\"bookingdates\");\n  expect(response.body.bookingdates).to.have.property(\"checkin\");\n  expect(response.body.bookingdates).to.have.property(\"checkout\");\n  cy.log(\"Response Body: \" + JSON.stringify(response.body, null, 2));\n});",
              "err": {},
              "uuid": "82fcccee-39ca-45d9-9fb3-858822a8b14e",
              "parentUUID": "50bd1da3-a684-4d1c-9502-f5332f56e673",
              "isHook": false,
              "skipped": false
            }
          ],
          "suites": [],
          "passes": [
            "82fcccee-39ca-45d9-9fb3-858822a8b14e"
          ],
          "failures": [],
          "pending": [],
          "skipped": [],
          "duration": 275,
          "root": false,
          "rootEmpty": false,
          "_timeout": 2000
        }
      ],
      "passes": [],
      "failures": [],
      "pending": [],
      "skipped": [],
      "duration": 0,
      "root": true,
      "rootEmpty": true,
      "_timeout": 2000
    }
  ],
  "meta": {
    "mocha": {
      "version": "7.2.0"
    },
    "mochawesome": {
      "options": {
        "quiet": false,
        "reportFilename": "mochawesome",
        "saveHtml": false,
        "saveJson": true,
        "consoleReporter": "spec",
        "useInlineDiffs": false,
        "code": true
      },
      "version": "7.1.4"
    },
    "marge": {
      "options": {
        "reportDir": "cypress/reports",
        "overwrite": false,
        "html": false,
        "json": true
      },
      "version": "6.3.2"
    }
  }
}