{
  "stats": {
    "suites": 1,
    "tests": 1,
    "passes": 1,
    "pending": 0,
    "failures": 0,
    "start": "2025-11-19T10:07:24.638Z",
    "end": "2025-11-19T10:07:24.972Z",
    "duration": 334,
    "testsRegistered": 1,
    "passPercent": 100,
    "pendingPercent": 0,
    "other": 0,
    "hasOther": false,
    "skipped": 0,
    "hasSkipped": false
  },
  "results": [
    {
      "uuid": "febf74f3-ccf8-47e0-ae44-71dc4c3704e9",
      "title": "",
      "fullFile": "cypress\\e2e\\create-booking.cy.js",
      "file": "cypress\\e2e\\create-booking.cy.js",
      "beforeHooks": [],
      "afterHooks": [],
      "tests": [],
      "suites": [
        {
          "uuid": "bea8925f-29ec-439d-b033-b2d44d9fc330",
          "title": "Booking API Test Suite",
          "fullFile": "",
          "file": "",
          "beforeHooks": [],
          "afterHooks": [],
          "tests": [
            {
              "title": "should create a new booking",
              "fullTitle": "Booking API Test Suite should create a new booking",
              "timedOut": null,
              "duration": 291,
              "state": "passed",
              "speed": "fast",
              "pass": true,
              "fail": false,
              "pending": false,
              "context": null,
              "code": "cy.request({\n  method: \"POST\",\n  url: \"https://restful-booker.herokuapp.com/booking\",\n  body: {\n    firstname: \"Moiz\",\n    lastname: \"Ahmad\",\n    totalprice: 111,\n    depositpaid: true,\n    bookingdates: {\n      checkin: \"2018-01-01\",\n      checkout: \"2019-01-01\"\n    },\n    additionalneeds: \"Breakfast\"\n  }\n}).then(response => {\n  expect(response.status).to.eq(200);\n  expect(response.body).to.have.property(\"bookingid\");\n  bookingId = response.body.bookingid;\n  cy.log(\"Created Booking ID: \" + bookingId);\n});",
              "err": {},
              "uuid": "825fb85b-6ae7-4c79-9ca3-710096711884",
              "parentUUID": "bea8925f-29ec-439d-b033-b2d44d9fc330",
              "isHook": false,
              "skipped": false
            }
          ],
          "suites": [],
          "passes": [
            "825fb85b-6ae7-4c79-9ca3-710096711884"
          ],
          "failures": [],
          "pending": [],
          "skipped": [],
          "duration": 291,
          "root": false,
          "rootEmpty": false,
          "_timeout": 2000
        }
      ],
      "passes": [],
      "failures": [],
      "pending": [],
      "skipped": [],
      "duration": 0,
      "root": true,
      "rootEmpty": true,
      "_timeout": 2000
    }
  ],
  "meta": {
    "mocha": {
      "version": "7.2.0"
    },
    "mochawesome": {
      "options": {
        "quiet": false,
        "reportFilename": "mochawesome",
        "saveHtml": false,
        "saveJson": true,
        "consoleReporter": "spec",
        "useInlineDiffs": false,
        "code": true
      },
      "version": "7.1.4"
    },
    "marge": {
      "options": {
        "reportDir": "cypress/reports",
        "overwrite": false,
        "html": false,
        "json": true
      },
      "version": "6.3.2"
    }
  }
}