{
  "stats": {
    "suites": 12,
    "tests": 36,
    "passes": 34,
    "pending": 0,
    "failures": 2,
    "start": "2025-11-20T05:20:26.964Z",
    "end": "2025-11-20T05:20:55.742Z",
    "duration": 28778,
    "testsRegistered": 36,
    "passPercent": 94.44444444444444,
    "pendingPercent": 0,
    "other": 0,
    "hasOther": false,
    "skipped": 0,
    "hasSkipped": false
  },
  "results": [
    {
      "uuid": "6929ab32-fd43-418c-b66e-23b84b28d68d",
      "title": "",
      "fullFile": "cypress\\e2e\\unit-test.cy.js",
      "file": "cypress\\e2e\\unit-test.cy.js",
      "beforeHooks": [],
      "afterHooks": [],
      "tests": [],
      "suites": [
        {
          "uuid": "75d29a4d-61c4-4b6c-a338-5b39a0575e39",
          "title": "News API - GET Request Tests",
          "fullFile": "",
          "file": "",
          "beforeHooks": [],
          "afterHooks": [],
          "tests": [],
          "suites": [
            {
              "uuid": "54e70086-b1fc-4fc1-85f1-fb8540419322",
              "title": "Success Scenarios",
              "fullFile": "",
              "file": "",
              "beforeHooks": [],
              "afterHooks": [],
              "tests": [
                {
                  "title": "should successfully fetch news data with valid parameters",
                  "fullTitle": "News API - GET Request Tests Success Scenarios should successfully fetch news data with valid parameters",
                  "timedOut": null,
                  "duration": 5094,
                  "state": "passed",
                  "speed": "medium",
                  "pass": true,
                  "fail": false,
                  "pending": false,
                  "context": null,
                  "code": "cy.request({\n  method: \"GET\",\n  url: `${baseUrl}?page=5&pageSize=5&sortBy=newsdate&sortDirection=desc`,\n  failOnStatusCode: false\n}).then(response => {\n  if (response.status === 200) {\n    expect(response.body).to.exist;\n    cy.log(\"✅ Response: \" + JSON.stringify(response.body, null, 2));\n  } else {\n    cy.log(`⚠️ News API returned status: ${response.status}`);\n  }\n});",
                  "err": {},
                  "uuid": "32b9c11a-59ad-429f-a87c-d6baf0363af2",
                  "parentUUID": "54e70086-b1fc-4fc1-85f1-fb8540419322",
                  "isHook": false,
                  "skipped": false
                },
                {
                  "title": "should return valid response structure",
                  "fullTitle": "News API - GET Request Tests Success Scenarios should return valid response structure",
                  "timedOut": null,
                  "duration": 498,
                  "state": "passed",
                  "speed": "fast",
                  "pass": true,
                  "fail": false,
                  "pending": false,
                  "context": null,
                  "code": "cy.request({\n  method: \"GET\",\n  url: `${baseUrl}?page=1&pageSize=5&sortBy=newsdate&sortDirection=desc`,\n  failOnStatusCode: false\n}).then(response => {\n  if (response.status === 200) {\n    expect(response.body).to.be.an(\"object\");\n    expect(response.headers).to.have.property(\"content-type\");\n  }\n});",
                  "err": {},
                  "uuid": "8498a8f6-52c5-481a-8cb7-bcdf5bcdd63e",
                  "parentUUID": "54e70086-b1fc-4fc1-85f1-fb8540419322",
                  "isHook": false,
                  "skipped": false
                },
                {
                  "title": "should fetch data with different page numbers",
                  "fullTitle": "News API - GET Request Tests Success Scenarios should fetch data with different page numbers",
                  "timedOut": null,
                  "duration": 1250,
                  "state": "passed",
                  "speed": "fast",
                  "pass": true,
                  "fail": false,
                  "pending": false,
                  "context": null,
                  "code": "[1, 2, 3].forEach(page => {\n  cy.request({\n    method: \"GET\",\n    url: `${baseUrl}?page=${page}&pageSize=5&sortBy=newsdate&sortDirection=desc`,\n    failOnStatusCode: false\n  }).then(response => {\n    cy.log(`Page ${page} status: ${response.status}`);\n  });\n});",
                  "err": {},
                  "uuid": "ac412e25-5ae4-472e-a194-f273005b5559",
                  "parentUUID": "54e70086-b1fc-4fc1-85f1-fb8540419322",
                  "isHook": false,
                  "skipped": false
                },
                {
                  "title": "should fetch data with different page sizes",
                  "fullTitle": "News API - GET Request Tests Success Scenarios should fetch data with different page sizes",
                  "timedOut": null,
                  "duration": 1172,
                  "state": "passed",
                  "speed": "fast",
                  "pass": true,
                  "fail": false,
                  "pending": false,
                  "context": null,
                  "code": "[5, 10, 20].forEach(pageSize => {\n  cy.request({\n    method: \"GET\",\n    url: `${baseUrl}?page=1&pageSize=${pageSize}&sortBy=newsdate&sortDirection=desc`,\n    failOnStatusCode: false\n  }).then(response => {\n    cy.log(`PageSize ${pageSize} status: ${response.status}`);\n  });\n});",
                  "err": {},
                  "uuid": "6f8d3323-b522-4ee8-b4af-cc5575115103",
                  "parentUUID": "54e70086-b1fc-4fc1-85f1-fb8540419322",
                  "isHook": false,
                  "skipped": false
                },
                {
                  "title": "should support ascending sort direction",
                  "fullTitle": "News API - GET Request Tests Success Scenarios should support ascending sort direction",
                  "timedOut": null,
                  "duration": 405,
                  "state": "passed",
                  "speed": "fast",
                  "pass": true,
                  "fail": false,
                  "pending": false,
                  "context": null,
                  "code": "cy.request({\n  method: \"GET\",\n  url: `${baseUrl}?page=1&pageSize=5&sortBy=newsdate&sortDirection=asc`,\n  failOnStatusCode: false\n}).then(response => {\n  cy.log(`Ascending sort status: ${response.status}`);\n});",
                  "err": {},
                  "uuid": "fdf93814-a2db-44ce-baf3-2612e0b86f35",
                  "parentUUID": "54e70086-b1fc-4fc1-85f1-fb8540419322",
                  "isHook": false,
                  "skipped": false
                }
              ],
              "suites": [],
              "passes": [
                "32b9c11a-59ad-429f-a87c-d6baf0363af2",
                "8498a8f6-52c5-481a-8cb7-bcdf5bcdd63e",
                "ac412e25-5ae4-472e-a194-f273005b5559",
                "6f8d3323-b522-4ee8-b4af-cc5575115103",
                "fdf93814-a2db-44ce-baf3-2612e0b86f35"
              ],
              "failures": [],
              "pending": [],
              "skipped": [],
              "duration": 8419,
              "root": false,
              "rootEmpty": false,
              "_timeout": 2000
            },
            {
              "uuid": "2c6789c5-330b-48aa-9958-c31b02c6dbaa",
              "title": "Response Validation",
              "fullFile": "",
              "file": "",
              "beforeHooks": [],
              "afterHooks": [],
              "tests": [
                {
                  "title": "should have correct content-type header",
                  "fullTitle": "News API - GET Request Tests Response Validation should have correct content-type header",
                  "timedOut": null,
                  "duration": 399,
                  "state": "passed",
                  "speed": "fast",
                  "pass": true,
                  "fail": false,
                  "pending": false,
                  "context": null,
                  "code": "cy.request({\n  method: \"GET\",\n  url: `${baseUrl}?page=1&pageSize=5&sortBy=newsdate&sortDirection=desc`,\n  failOnStatusCode: false\n}).then(response => {\n  if (response.status === 200) {\n    expect(response.headers[\"content-type\"]).to.include(\"application/json\");\n  }\n});",
                  "err": {},
                  "uuid": "4e8d668c-26ef-498e-a0b2-d3a345fd7577",
                  "parentUUID": "2c6789c5-330b-48aa-9958-c31b02c6dbaa",
                  "isHook": false,
                  "skipped": false
                },
                {
                  "title": "should return response within acceptable time",
                  "fullTitle": "News API - GET Request Tests Response Validation should return response within acceptable time",
                  "timedOut": null,
                  "duration": 403,
                  "state": "passed",
                  "speed": "fast",
                  "pass": true,
                  "fail": false,
                  "pending": false,
                  "context": null,
                  "code": "const startTime = Date.now();\ncy.request({\n  method: \"GET\",\n  url: `${baseUrl}?page=1&pageSize=5&sortBy=newsdate&sortDirection=desc`,\n  failOnStatusCode: false\n}).then(response => {\n  const duration = Date.now() - startTime;\n  cy.log(`Response time: ${duration}ms`);\n  if (response.status === 200) {\n    expect(duration).to.be.lessThan(5000);\n  }\n});",
                  "err": {},
                  "uuid": "373ead95-37af-4dae-8e05-b9f279be46c9",
                  "parentUUID": "2c6789c5-330b-48aa-9958-c31b02c6dbaa",
                  "isHook": false,
                  "skipped": false
                },
                {
                  "title": "should return valid JSON response",
                  "fullTitle": "News API - GET Request Tests Response Validation should return valid JSON response",
                  "timedOut": null,
                  "duration": 397,
                  "state": "passed",
                  "speed": "fast",
                  "pass": true,
                  "fail": false,
                  "pending": false,
                  "context": null,
                  "code": "cy.request({\n  method: \"GET\",\n  url: `${baseUrl}?page=1&pageSize=5&sortBy=newsdate&sortDirection=desc`,\n  failOnStatusCode: false\n}).then(response => {\n  if (response.status === 200) {\n    expect(() => JSON.stringify(response.body)).to.not.throw();\n  }\n});",
                  "err": {},
                  "uuid": "bed0901b-d1d1-474c-8e14-4596e657da83",
                  "parentUUID": "2c6789c5-330b-48aa-9958-c31b02c6dbaa",
                  "isHook": false,
                  "skipped": false
                }
              ],
              "suites": [],
              "passes": [
                "4e8d668c-26ef-498e-a0b2-d3a345fd7577",
                "373ead95-37af-4dae-8e05-b9f279be46c9",
                "bed0901b-d1d1-474c-8e14-4596e657da83"
              ],
              "failures": [],
              "pending": [],
              "skipped": [],
              "duration": 1199,
              "root": false,
              "rootEmpty": false,
              "_timeout": 2000
            },
            {
              "uuid": "6afddb5d-38b9-4575-a34e-95c1acb965e3",
              "title": "Error Scenarios",
              "fullFile": "",
              "file": "",
              "beforeHooks": [],
              "afterHooks": [],
              "tests": [
                {
                  "title": "should handle invalid page number gracefully",
                  "fullTitle": "News API - GET Request Tests Error Scenarios should handle invalid page number gracefully",
                  "timedOut": null,
                  "duration": 390,
                  "state": "passed",
                  "speed": "fast",
                  "pass": true,
                  "fail": false,
                  "pending": false,
                  "context": null,
                  "code": "cy.request({\n  method: \"GET\",\n  url: `${baseUrl}?page=-1&pageSize=5&sortBy=newsdate&sortDirection=desc`,\n  failOnStatusCode: false\n}).then(response => {\n  expect([200, 400, 422, 401, 403, 404]).to.include(response.status);\n  cy.log(`Invalid page response: ${response.status}`);\n});",
                  "err": {},
                  "uuid": "325abdc3-1e1f-49f4-9b27-fdd48b3b73e0",
                  "parentUUID": "6afddb5d-38b9-4575-a34e-95c1acb965e3",
                  "isHook": false,
                  "skipped": false
                },
                {
                  "title": "should handle missing parameters",
                  "fullTitle": "News API - GET Request Tests Error Scenarios should handle missing parameters",
                  "timedOut": null,
                  "duration": 405,
                  "state": "passed",
                  "speed": "fast",
                  "pass": true,
                  "fail": false,
                  "pending": false,
                  "context": null,
                  "code": "cy.request({\n  method: \"GET\",\n  url: baseUrl,\n  failOnStatusCode: false\n}).then(response => {\n  expect([200, 400, 401, 403, 404]).to.include(response.status);\n  cy.log(`Missing params response: ${response.status}`);\n});",
                  "err": {},
                  "uuid": "f0be227e-9fd2-4748-b1aa-59f98ed5d1b7",
                  "parentUUID": "6afddb5d-38b9-4575-a34e-95c1acb965e3",
                  "isHook": false,
                  "skipped": false
                },
                {
                  "title": "should handle invalid sort direction",
                  "fullTitle": "News API - GET Request Tests Error Scenarios should handle invalid sort direction",
                  "timedOut": null,
                  "duration": 402,
                  "state": "passed",
                  "speed": "fast",
                  "pass": true,
                  "fail": false,
                  "pending": false,
                  "context": null,
                  "code": "cy.request({\n  method: \"GET\",\n  url: `${baseUrl}?page=1&pageSize=5&sortBy=newsdate&sortDirection=invalid`,\n  failOnStatusCode: false\n}).then(response => {\n  expect([200, 400, 401, 403, 404]).to.include(response.status);\n  cy.log(`Invalid sort response: ${response.status}`);\n});",
                  "err": {},
                  "uuid": "cd303158-17a7-4aca-b5ad-1f30d1534670",
                  "parentUUID": "6afddb5d-38b9-4575-a34e-95c1acb965e3",
                  "isHook": false,
                  "skipped": false
                },
                {
                  "title": "should handle zero page size",
                  "fullTitle": "News API - GET Request Tests Error Scenarios should handle zero page size",
                  "timedOut": null,
                  "duration": 410,
                  "state": "passed",
                  "speed": "fast",
                  "pass": true,
                  "fail": false,
                  "pending": false,
                  "context": null,
                  "code": "cy.request({\n  method: \"GET\",\n  url: `${baseUrl}?page=1&pageSize=0&sortBy=newsdate&sortDirection=desc`,\n  failOnStatusCode: false\n}).then(response => {\n  expect([200, 400, 422, 401, 403, 404]).to.include(response.status);\n  cy.log(`Zero page size response: ${response.status}`);\n});",
                  "err": {},
                  "uuid": "a33f3114-1fbd-45fb-90ef-53df863a027e",
                  "parentUUID": "6afddb5d-38b9-4575-a34e-95c1acb965e3",
                  "isHook": false,
                  "skipped": false
                }
              ],
              "suites": [],
              "passes": [
                "325abdc3-1e1f-49f4-9b27-fdd48b3b73e0",
                "f0be227e-9fd2-4748-b1aa-59f98ed5d1b7",
                "cd303158-17a7-4aca-b5ad-1f30d1534670",
                "a33f3114-1fbd-45fb-90ef-53df863a027e"
              ],
              "failures": [],
              "pending": [],
              "skipped": [],
              "duration": 1607,
              "root": false,
              "rootEmpty": false,
              "_timeout": 2000
            }
          ],
          "passes": [],
          "failures": [],
          "pending": [],
          "skipped": [],
          "duration": 0,
          "root": false,
          "rootEmpty": false,
          "_timeout": 2000
        },
        {
          "uuid": "77bbf05d-c8f7-4ddd-a5bf-be2701cad55d",
          "title": "Booking API - GET Request by ID Tests",
          "fullFile": "",
          "file": "",
          "beforeHooks": [],
          "afterHooks": [],
          "tests": [],
          "suites": [
            {
              "uuid": "0f03e518-2d1b-4c30-a332-c9a5c12ae525",
              "title": "Success Scenarios",
              "fullFile": "",
              "file": "",
              "beforeHooks": [],
              "afterHooks": [],
              "tests": [
                {
                  "title": "should successfully fetch booking data for valid ID",
                  "fullTitle": "Booking API - GET Request by ID Tests Success Scenarios should successfully fetch booking data for valid ID",
                  "timedOut": null,
                  "duration": 1008,
                  "state": "passed",
                  "speed": "fast",
                  "pass": true,
                  "fail": false,
                  "pending": false,
                  "context": null,
                  "code": "cy.request({\n  method: \"GET\",\n  url: `${baseUrl}/${validBookingId}`\n}).then(response => {\n  expect(response.status).to.eq(200);\n  expect(response.body).to.exist;\n  cy.log(\"✅ Response: \" + JSON.stringify(response.body, null, 2));\n});",
                  "err": {},
                  "uuid": "0b9eb6c9-7a34-4125-91e4-c77726a9dfd4",
                  "parentUUID": "0f03e518-2d1b-4c30-a332-c9a5c12ae525",
                  "isHook": false,
                  "skipped": false
                },
                {
                  "title": "should have all required booking properties",
                  "fullTitle": "Booking API - GET Request by ID Tests Success Scenarios should have all required booking properties",
                  "timedOut": null,
                  "duration": 272,
                  "state": "passed",
                  "speed": "fast",
                  "pass": true,
                  "fail": false,
                  "pending": false,
                  "context": null,
                  "code": "cy.request({\n  method: \"GET\",\n  url: `${baseUrl}/${validBookingId}`\n}).then(response => {\n  expect(response.status).to.eq(200);\n  expect(response.body).to.have.property(\"bookingdates\");\n  expect(response.body.bookingdates).to.have.property(\"checkin\");\n  expect(response.body.bookingdates).to.have.property(\"checkout\");\n  expect(response.body).to.have.property(\"firstname\");\n  expect(response.body).to.have.property(\"lastname\");\n  expect(response.body).to.have.property(\"totalprice\");\n});",
                  "err": {},
                  "uuid": "165236c4-35fa-4cd6-af63-33e666509365",
                  "parentUUID": "0f03e518-2d1b-4c30-a332-c9a5c12ae525",
                  "isHook": false,
                  "skipped": false
                },
                {
                  "title": "should have valid date formats",
                  "fullTitle": "Booking API - GET Request by ID Tests Success Scenarios should have valid date formats",
                  "timedOut": null,
                  "duration": 305,
                  "state": "passed",
                  "speed": "fast",
                  "pass": true,
                  "fail": false,
                  "pending": false,
                  "context": null,
                  "code": "cy.request({\n  method: \"GET\",\n  url: `${baseUrl}/${validBookingId}`\n}).then(response => {\n  const checkin = response.body.bookingdates.checkin;\n  const checkout = response.body.bookingdates.checkout;\n  // Date format validation (YYYY-MM-DD)\n  expect(checkin).to.match(/^\\d{4}-\\d{2}-\\d{2}$/);\n  expect(checkout).to.match(/^\\d{4}-\\d{2}-\\d{2}$/);\n});",
                  "err": {},
                  "uuid": "c49c4987-ba6c-4ae4-82c2-79ee913e8ef1",
                  "parentUUID": "0f03e518-2d1b-4c30-a332-c9a5c12ae525",
                  "isHook": false,
                  "skipped": false
                },
                {
                  "title": "should have valid data types for all fields",
                  "fullTitle": "Booking API - GET Request by ID Tests Success Scenarios should have valid data types for all fields",
                  "timedOut": null,
                  "duration": 272,
                  "state": "passed",
                  "speed": "fast",
                  "pass": true,
                  "fail": false,
                  "pending": false,
                  "context": null,
                  "code": "cy.request({\n  method: \"GET\",\n  url: `${baseUrl}/${validBookingId}`\n}).then(response => {\n  expect(response.body.firstname).to.be.a(\"string\");\n  expect(response.body.lastname).to.be.a(\"string\");\n  expect(response.body.totalprice).to.be.a(\"number\");\n  expect(response.body.depositpaid).to.be.a(\"boolean\");\n  expect(response.body.bookingdates).to.be.an(\"object\");\n});",
                  "err": {},
                  "uuid": "5abda0db-7614-4418-a3a0-9d10f4a7590a",
                  "parentUUID": "0f03e518-2d1b-4c30-a332-c9a5c12ae525",
                  "isHook": false,
                  "skipped": false
                },
                {
                  "title": "should fetch multiple valid bookings",
                  "fullTitle": "Booking API - GET Request by ID Tests Success Scenarios should fetch multiple valid bookings",
                  "timedOut": null,
                  "duration": 1356,
                  "state": "passed",
                  "speed": "fast",
                  "pass": true,
                  "fail": false,
                  "pending": false,
                  "context": null,
                  "code": "cy.request({\n  method: \"GET\",\n  url: \"https://restful-booker.herokuapp.com/booking\"\n}).then(listResponse => {\n  const bookingIds = listResponse.body.slice(0, 3); // Test first 3 bookings\n  bookingIds.forEach(booking => {\n    cy.request({\n      method: \"GET\",\n      url: `${baseUrl}/${booking.bookingid}`\n    }).then(response => {\n      expect(response.status).to.eq(200);\n      expect(response.body).to.have.property(\"firstname\");\n    });\n  });\n});",
                  "err": {},
                  "uuid": "fe188f43-b0f4-455a-8b81-1cf91b740051",
                  "parentUUID": "0f03e518-2d1b-4c30-a332-c9a5c12ae525",
                  "isHook": false,
                  "skipped": false
                }
              ],
              "suites": [],
              "passes": [
                "0b9eb6c9-7a34-4125-91e4-c77726a9dfd4",
                "165236c4-35fa-4cd6-af63-33e666509365",
                "c49c4987-ba6c-4ae4-82c2-79ee913e8ef1",
                "5abda0db-7614-4418-a3a0-9d10f4a7590a",
                "fe188f43-b0f4-455a-8b81-1cf91b740051"
              ],
              "failures": [],
              "pending": [],
              "skipped": [],
              "duration": 3213,
              "root": false,
              "rootEmpty": false,
              "_timeout": 2000
            },
            {
              "uuid": "538e0859-16eb-4148-ae3b-b1d758ac8dee",
              "title": "Response Validation",
              "fullFile": "",
              "file": "",
              "beforeHooks": [],
              "afterHooks": [],
              "tests": [
                {
                  "title": "should return JSON content type",
                  "fullTitle": "Booking API - GET Request by ID Tests Response Validation should return JSON content type",
                  "timedOut": null,
                  "duration": 272,
                  "state": "passed",
                  "speed": "fast",
                  "pass": true,
                  "fail": false,
                  "pending": false,
                  "context": null,
                  "code": "cy.request({\n  method: \"GET\",\n  url: `${baseUrl}/${validBookingId}`\n}).then(response => {\n  expect(response.headers[\"content-type\"]).to.include(\"application/json\");\n});",
                  "err": {},
                  "uuid": "84808603-c86b-42dc-b97d-ef7de505de8c",
                  "parentUUID": "538e0859-16eb-4148-ae3b-b1d758ac8dee",
                  "isHook": false,
                  "skipped": false
                },
                {
                  "title": "should have non-empty required fields",
                  "fullTitle": "Booking API - GET Request by ID Tests Response Validation should have non-empty required fields",
                  "timedOut": null,
                  "duration": 281,
                  "state": "passed",
                  "speed": "fast",
                  "pass": true,
                  "fail": false,
                  "pending": false,
                  "context": null,
                  "code": "cy.request({\n  method: \"GET\",\n  url: `${baseUrl}/${validBookingId}`\n}).then(response => {\n  expect(response.body.firstname).to.not.be.empty;\n  expect(response.body.lastname).to.not.be.empty;\n  expect(response.body.bookingdates.checkin).to.not.be.empty;\n  expect(response.body.bookingdates.checkout).to.not.be.empty;\n});",
                  "err": {},
                  "uuid": "d7807b6f-9975-407b-a077-bc53001ce0da",
                  "parentUUID": "538e0859-16eb-4148-ae3b-b1d758ac8dee",
                  "isHook": false,
                  "skipped": false
                },
                {
                  "title": "should have valid total price",
                  "fullTitle": "Booking API - GET Request by ID Tests Response Validation should have valid total price",
                  "timedOut": null,
                  "duration": 260,
                  "state": "passed",
                  "speed": "fast",
                  "pass": true,
                  "fail": false,
                  "pending": false,
                  "context": null,
                  "code": "cy.request({\n  method: \"GET\",\n  url: `${baseUrl}/${validBookingId}`\n}).then(response => {\n  expect(response.body.totalprice).to.be.at.least(0);\n  expect(response.body.totalprice).to.be.a(\"number\");\n});",
                  "err": {},
                  "uuid": "50cdab8b-a343-4979-a029-372d1b0ff6d0",
                  "parentUUID": "538e0859-16eb-4148-ae3b-b1d758ac8dee",
                  "isHook": false,
                  "skipped": false
                },
                {
                  "title": "should have checkout date after or equal to checkin date",
                  "fullTitle": "Booking API - GET Request by ID Tests Response Validation should have checkout date after or equal to checkin date",
                  "timedOut": null,
                  "duration": 268,
                  "state": "passed",
                  "speed": "fast",
                  "pass": true,
                  "fail": false,
                  "pending": false,
                  "context": null,
                  "code": "cy.request({\n  method: \"GET\",\n  url: `${baseUrl}/${validBookingId}`\n}).then(response => {\n  const checkin = new Date(response.body.bookingdates.checkin);\n  const checkout = new Date(response.body.bookingdates.checkout);\n  expect(checkout.getTime()).to.be.at.least(checkin.getTime());\n});",
                  "err": {},
                  "uuid": "9ea960be-1352-483e-b1ab-60980f4e2f60",
                  "parentUUID": "538e0859-16eb-4148-ae3b-b1d758ac8dee",
                  "isHook": false,
                  "skipped": false
                }
              ],
              "suites": [],
              "passes": [
                "84808603-c86b-42dc-b97d-ef7de505de8c",
                "d7807b6f-9975-407b-a077-bc53001ce0da",
                "50cdab8b-a343-4979-a029-372d1b0ff6d0",
                "9ea960be-1352-483e-b1ab-60980f4e2f60"
              ],
              "failures": [],
              "pending": [],
              "skipped": [],
              "duration": 1081,
              "root": false,
              "rootEmpty": false,
              "_timeout": 2000
            },
            {
              "uuid": "797e8d74-da1b-4078-a376-106eaaf512e1",
              "title": "Error Scenarios",
              "fullFile": "",
              "file": "",
              "beforeHooks": [],
              "afterHooks": [],
              "tests": [
                {
                  "title": "should return 404 for non-existent booking ID",
                  "fullTitle": "Booking API - GET Request by ID Tests Error Scenarios should return 404 for non-existent booking ID",
                  "timedOut": null,
                  "duration": 278,
                  "state": "passed",
                  "speed": "fast",
                  "pass": true,
                  "fail": false,
                  "pending": false,
                  "context": null,
                  "code": "cy.request({\n  method: \"GET\",\n  url: `${baseUrl}/999999999`,\n  failOnStatusCode: false\n}).then(response => {\n  expect(response.status).to.eq(404);\n  cy.log(\"✅ Correctly returned 404 for non-existent ID\");\n});",
                  "err": {},
                  "uuid": "a60c664c-b922-4780-b3bc-724ec59a9986",
                  "parentUUID": "797e8d74-da1b-4078-a376-106eaaf512e1",
                  "isHook": false,
                  "skipped": false
                },
                {
                  "title": "should handle invalid booking ID format",
                  "fullTitle": "Booking API - GET Request by ID Tests Error Scenarios should handle invalid booking ID format",
                  "timedOut": null,
                  "duration": 270,
                  "state": "passed",
                  "speed": "fast",
                  "pass": true,
                  "fail": false,
                  "pending": false,
                  "context": null,
                  "code": "cy.request({\n  method: \"GET\",\n  url: `${baseUrl}/invalid-id`,\n  failOnStatusCode: false\n}).then(response => {\n  expect([400, 404]).to.include(response.status);\n  cy.log(`Invalid ID format response: ${response.status}`);\n});",
                  "err": {},
                  "uuid": "9127e854-84f6-4508-9c2c-830e7fb09cf3",
                  "parentUUID": "797e8d74-da1b-4078-a376-106eaaf512e1",
                  "isHook": false,
                  "skipped": false
                },
                {
                  "title": "should handle negative booking ID",
                  "fullTitle": "Booking API - GET Request by ID Tests Error Scenarios should handle negative booking ID",
                  "timedOut": null,
                  "duration": 276,
                  "state": "passed",
                  "speed": "fast",
                  "pass": true,
                  "fail": false,
                  "pending": false,
                  "context": null,
                  "code": "cy.request({\n  method: \"GET\",\n  url: `${baseUrl}/-1`,\n  failOnStatusCode: false\n}).then(response => {\n  expect([400, 404]).to.include(response.status);\n  cy.log(`Negative ID response: ${response.status}`);\n});",
                  "err": {},
                  "uuid": "98da8cc2-5fa3-41dd-9369-b90245f2ea72",
                  "parentUUID": "797e8d74-da1b-4078-a376-106eaaf512e1",
                  "isHook": false,
                  "skipped": false
                },
                {
                  "title": "should handle special characters in booking ID",
                  "fullTitle": "Booking API - GET Request by ID Tests Error Scenarios should handle special characters in booking ID",
                  "timedOut": null,
                  "duration": 320,
                  "state": "passed",
                  "speed": "fast",
                  "pass": true,
                  "fail": false,
                  "pending": false,
                  "context": null,
                  "code": "cy.request({\n  method: \"GET\",\n  url: `${baseUrl}/@#$%`,\n  failOnStatusCode: false\n}).then(response => {\n  expect([400, 404]).to.include(response.status);\n  cy.log(`Special chars response: ${response.status}`);\n});",
                  "err": {},
                  "uuid": "fb4658ba-9070-4c97-8636-f1255f24cec7",
                  "parentUUID": "797e8d74-da1b-4078-a376-106eaaf512e1",
                  "isHook": false,
                  "skipped": false
                }
              ],
              "suites": [],
              "passes": [
                "a60c664c-b922-4780-b3bc-724ec59a9986",
                "9127e854-84f6-4508-9c2c-830e7fb09cf3",
                "98da8cc2-5fa3-41dd-9369-b90245f2ea72",
                "fb4658ba-9070-4c97-8636-f1255f24cec7"
              ],
              "failures": [],
              "pending": [],
              "skipped": [],
              "duration": 1144,
              "root": false,
              "rootEmpty": false,
              "_timeout": 2000
            },
            {
              "uuid": "62950e88-5d6d-4eec-87a6-8e9ab6f9ebb6",
              "title": "Edge Cases",
              "fullFile": "",
              "file": "",
              "beforeHooks": [],
              "afterHooks": [],
              "tests": [
                {
                  "title": "should handle booking ID of 0",
                  "fullTitle": "Booking API - GET Request by ID Tests Edge Cases should handle booking ID of 0",
                  "timedOut": null,
                  "duration": 268,
                  "state": "passed",
                  "speed": "fast",
                  "pass": true,
                  "fail": false,
                  "pending": false,
                  "context": null,
                  "code": "cy.request({\n  method: \"GET\",\n  url: `${baseUrl}/0`,\n  failOnStatusCode: false\n}).then(response => {\n  expect([200, 404]).to.include(response.status);\n  cy.log(`ID=0 response: ${response.status}`);\n});",
                  "err": {},
                  "uuid": "398621f6-666c-4c89-9a7a-ab155eae9b8f",
                  "parentUUID": "62950e88-5d6d-4eec-87a6-8e9ab6f9ebb6",
                  "isHook": false,
                  "skipped": false
                },
                {
                  "title": "should handle very large booking ID",
                  "fullTitle": "Booking API - GET Request by ID Tests Edge Cases should handle very large booking ID",
                  "timedOut": null,
                  "duration": 257,
                  "state": "passed",
                  "speed": "fast",
                  "pass": true,
                  "fail": false,
                  "pending": false,
                  "context": null,
                  "code": "cy.request({\n  method: \"GET\",\n  url: `${baseUrl}/2147483647`,\n  failOnStatusCode: false\n}).then(response => {\n  expect([200, 404]).to.include(response.status);\n  cy.log(`Large ID response: ${response.status}`);\n});",
                  "err": {},
                  "uuid": "4229dd6f-08ee-4014-92fc-777e41900570",
                  "parentUUID": "62950e88-5d6d-4eec-87a6-8e9ab6f9ebb6",
                  "isHook": false,
                  "skipped": false
                },
                {
                  "title": "should handle booking ID with leading zeros",
                  "fullTitle": "Booking API - GET Request by ID Tests Edge Cases should handle booking ID with leading zeros",
                  "timedOut": null,
                  "duration": 268,
                  "state": "passed",
                  "speed": "fast",
                  "pass": true,
                  "fail": false,
                  "pending": false,
                  "context": null,
                  "code": "cy.request({\n  method: \"GET\",\n  url: `${baseUrl}/00001`,\n  failOnStatusCode: false\n}).then(response => {\n  expect([200, 404]).to.include(response.status);\n  cy.log(`Leading zeros response: ${response.status}`);\n});",
                  "err": {},
                  "uuid": "3bf86a47-8077-4e84-b897-e17ab17b4f83",
                  "parentUUID": "62950e88-5d6d-4eec-87a6-8e9ab6f9ebb6",
                  "isHook": false,
                  "skipped": false
                }
              ],
              "suites": [],
              "passes": [
                "398621f6-666c-4c89-9a7a-ab155eae9b8f",
                "4229dd6f-08ee-4014-92fc-777e41900570",
                "3bf86a47-8077-4e84-b897-e17ab17b4f83"
              ],
              "failures": [],
              "pending": [],
              "skipped": [],
              "duration": 793,
              "root": false,
              "rootEmpty": false,
              "_timeout": 2000
            }
          ],
          "passes": [],
          "failures": [],
          "pending": [],
          "skipped": [],
          "duration": 0,
          "root": false,
          "rootEmpty": false,
          "_timeout": 2000
        },
        {
          "uuid": "217381cf-64d7-486d-936a-fab57c983a36",
          "title": "Booking List API Tests",
          "fullFile": "",
          "file": "",
          "beforeHooks": [],
          "afterHooks": [],
          "tests": [
            {
              "title": "should fetch list of all bookings",
              "fullTitle": "Booking List API Tests should fetch list of all bookings",
              "timedOut": null,
              "duration": 472,
              "state": "passed",
              "speed": "fast",
              "pass": true,
              "fail": false,
              "pending": false,
              "context": null,
              "code": "cy.request({\n  method: \"GET\",\n  url: baseUrl\n}).then(response => {\n  expect(response.status).to.eq(200);\n  expect(response.body).to.be.an(\"array\");\n  expect(response.body.length).to.be.greaterThan(0);\n  cy.log(`✅ Found ${response.body.length} bookings`);\n});",
              "err": {},
              "uuid": "cca0cd9e-feb5-4476-9b33-b166413153dd",
              "parentUUID": "217381cf-64d7-486d-936a-fab57c983a36",
              "isHook": false,
              "skipped": false
            },
            {
              "title": "should return booking IDs in correct format",
              "fullTitle": "Booking List API Tests should return booking IDs in correct format",
              "timedOut": null,
              "duration": 533,
              "state": "passed",
              "speed": "fast",
              "pass": true,
              "fail": false,
              "pending": false,
              "context": null,
              "code": "cy.request({\n  method: \"GET\",\n  url: baseUrl\n}).then(response => {\n  expect(response.body[0]).to.have.property(\"bookingid\");\n  expect(response.body[0].bookingid).to.be.a(\"number\");\n});",
              "err": {},
              "uuid": "49c73c4c-4dd5-41dc-8d69-fd965e2dfcad",
              "parentUUID": "217381cf-64d7-486d-936a-fab57c983a36",
              "isHook": false,
              "skipped": false
            },
            {
              "title": "should filter bookings by firstname",
              "fullTitle": "Booking List API Tests should filter bookings by firstname",
              "timedOut": null,
              "duration": 307,
              "state": "passed",
              "speed": "fast",
              "pass": true,
              "fail": false,
              "pending": false,
              "context": null,
              "code": "cy.request({\n  method: \"GET\",\n  url: `${baseUrl}?firstname=John`,\n  failOnStatusCode: false\n}).then(response => {\n  if (response.status === 200) {\n    expect(response.body).to.be.an(\"array\");\n    cy.log(`✅ Filtered bookings: ${response.body.length}`);\n  }\n});",
              "err": {},
              "uuid": "99cfcda6-ad66-4ea9-aa0a-3a066c327466",
              "parentUUID": "217381cf-64d7-486d-936a-fab57c983a36",
              "isHook": false,
              "skipped": false
            },
            {
              "title": "should filter bookings by lastname",
              "fullTitle": "Booking List API Tests should filter bookings by lastname",
              "timedOut": null,
              "duration": 356,
              "state": "passed",
              "speed": "fast",
              "pass": true,
              "fail": false,
              "pending": false,
              "context": null,
              "code": "cy.request({\n  method: \"GET\",\n  url: `${baseUrl}?lastname=Smith`,\n  failOnStatusCode: false\n}).then(response => {\n  if (response.status === 200) {\n    expect(response.body).to.be.an(\"array\");\n    cy.log(`✅ Filtered bookings: ${response.body.length}`);\n  }\n});",
              "err": {},
              "uuid": "2f1f2c15-0f4a-4a2c-8b1c-29c51ae43aff",
              "parentUUID": "217381cf-64d7-486d-936a-fab57c983a36",
              "isHook": false,
              "skipped": false
            }
          ],
          "suites": [],
          "passes": [
            "cca0cd9e-feb5-4476-9b33-b166413153dd",
            "49c73c4c-4dd5-41dc-8d69-fd965e2dfcad",
            "99cfcda6-ad66-4ea9-aa0a-3a066c327466",
            "2f1f2c15-0f4a-4a2c-8b1c-29c51ae43aff"
          ],
          "failures": [],
          "pending": [],
          "skipped": [],
          "duration": 1668,
          "root": false,
          "rootEmpty": false,
          "_timeout": 2000
        },
        {
          "uuid": "95a385ac-6636-4e02-80c1-636438d5473a",
          "title": "API Performance Tests",
          "fullFile": "",
          "file": "",
          "beforeHooks": [],
          "afterHooks": [],
          "tests": [
            {
              "title": "Booking List API should respond within 3 seconds",
              "fullTitle": "API Performance Tests Booking List API should respond within 3 seconds",
              "timedOut": null,
              "duration": 6701,
              "state": "failed",
              "speed": null,
              "pass": false,
              "fail": true,
              "pending": false,
              "context": null,
              "code": "const startTime = Date.now();\ncy.request({\n  method: \"GET\",\n  url: \"https://restful-booker.herokuapp.com/booking\"\n}).then(() => {\n  const duration = Date.now() - startTime;\n  expect(duration).to.be.lessThan(3000);\n  cy.log(`✅ Booking List API response time: ${duration}ms`);\n});",
              "err": {
                "message": "AssertionError: expected 6260 to be below 3000",
                "estack": "AssertionError: expected 6260 to be below 3000\n    at Context.eval (webpack://api_testing/./cypress/e2e/unit-test.cy.js:459:29)\n    at getRet (http://localhost:51950/__cypress/runner/cypress_runner.js:121618:20)\n    at tryCatcher (http://localhost:51950/__cypress/runner/cypress_runner.js:1777:23)\n    at Promise.attempt.Promise.try (http://localhost:51950/__cypress/runner/cypress_runner.js:4285:29)\n    at Context.thenFn (http://localhost:51950/__cypress/runner/cypress_runner.js:121629:66)\n    at Context.then (http://localhost:51950/__cypress/runner/cypress_runner.js:121880:21)",
                "diff": "- 6260\n+ 3000\n"
              },
              "uuid": "8a28ba42-d290-4a3e-8818-4d2e5ebd1375",
              "parentUUID": "95a385ac-6636-4e02-80c1-636438d5473a",
              "isHook": false,
              "skipped": false
            },
            {
              "title": "Booking Details API should respond within 2 seconds",
              "fullTitle": "API Performance Tests Booking Details API should respond within 2 seconds",
              "timedOut": null,
              "duration": 506,
              "state": "passed",
              "speed": "fast",
              "pass": true,
              "fail": false,
              "pending": false,
              "context": null,
              "code": "cy.request({\n  method: \"GET\",\n  url: \"https://restful-booker.herokuapp.com/booking\"\n}).then(listResponse => {\n  const bookingId = listResponse.body[0].bookingid;\n  const startTime = Date.now();\n  cy.request({\n    method: \"GET\",\n    url: `https://restful-booker.herokuapp.com/booking/${bookingId}`\n  }).then(() => {\n    const duration = Date.now() - startTime;\n    expect(duration).to.be.lessThan(2000);\n    cy.log(`✅ Booking Details API response time: ${duration}ms`);\n  });\n});",
              "err": {},
              "uuid": "967fc6af-31b9-4a1c-a4a8-2c43cadbd378",
              "parentUUID": "95a385ac-6636-4e02-80c1-636438d5473a",
              "isHook": false,
              "skipped": false
            },
            {
              "title": "News API should respond within 5 seconds (if accessible)",
              "fullTitle": "API Performance Tests News API should respond within 5 seconds (if accessible)",
              "timedOut": null,
              "duration": 392,
              "state": "passed",
              "speed": "fast",
              "pass": true,
              "fail": false,
              "pending": false,
              "context": null,
              "code": "const startTime = Date.now();\ncy.request({\n  method: \"GET\",\n  url: \"https://kaplapis.accountsdash.com/api/Api/news?page=1&pageSize=5&sortBy=newsdate&sortDirection=desc\",\n  failOnStatusCode: false\n}).then(response => {\n  const duration = Date.now() - startTime;\n  cy.log(`News API response time: ${duration}ms (Status: ${response.status})`);\n  if (response.status === 200) {\n    expect(duration).to.be.lessThan(5000);\n  }\n});",
              "err": {},
              "uuid": "519daa48-f2c5-438f-a93f-6f5f70bfe026",
              "parentUUID": "95a385ac-6636-4e02-80c1-636438d5473a",
              "isHook": false,
              "skipped": false
            }
          ],
          "suites": [],
          "passes": [
            "967fc6af-31b9-4a1c-a4a8-2c43cadbd378",
            "519daa48-f2c5-438f-a93f-6f5f70bfe026"
          ],
          "failures": [
            "8a28ba42-d290-4a3e-8818-4d2e5ebd1375"
          ],
          "pending": [],
          "skipped": [],
          "duration": 7599,
          "root": false,
          "rootEmpty": false,
          "_timeout": 2000
        },
        {
          "uuid": "be384dc1-d0f9-4ee6-a298-d75ab0bf1617",
          "title": "API Response Structure Tests",
          "fullFile": "",
          "file": "",
          "beforeHooks": [],
          "afterHooks": [],
          "tests": [
            {
              "title": "Booking API should have consistent response structure",
              "fullTitle": "API Response Structure Tests Booking API should have consistent response structure",
              "timedOut": null,
              "duration": 890,
              "state": "failed",
              "speed": null,
              "pass": false,
              "fail": true,
              "pending": false,
              "context": null,
              "code": "cy.request({\n  method: \"GET\",\n  url: \"https://restful-booker.herokuapp.com/booking\"\n}).then(listResponse => {\n  const bookingIds = listResponse.body.slice(0, 5);\n  bookingIds.forEach(booking => {\n    cy.request({\n      method: \"GET\",\n      url: `https://restful-booker.herokuapp.com/booking/${booking.bookingid}`\n    }).then(response => {\n      // Verify consistent structure\n      expect(response.body).to.have.all.keys(\"firstname\", \"lastname\", \"totalprice\", \"depositpaid\", \"bookingdates\", \"additionalneeds\");\n      expect(response.body.bookingdates).to.have.all.keys(\"checkin\", \"checkout\");\n    });\n  });\n});",
              "err": {
                "message": "AssertionError: expected { Object (firstname, lastname, ...) } to have keys 'firstname', 'lastname', 'totalprice', 'depositpaid', 'bookingdates', and 'additionalneeds'",
                "estack": "AssertionError: expected { Object (firstname, lastname, ...) } to have keys 'firstname', 'lastname', 'totalprice', 'depositpaid', 'bookingdates', and 'additionalneeds'\n    at Context.eval (webpack://api_testing/./cypress/e2e/unit-test.cy.js:518:44)\n    at getRet (http://localhost:51950/__cypress/runner/cypress_runner.js:121618:20)\n    at tryCatcher (http://localhost:51950/__cypress/runner/cypress_runner.js:1777:23)\n    at Promise.attempt.Promise.try (http://localhost:51950/__cypress/runner/cypress_runner.js:4285:29)\n    at Context.thenFn (http://localhost:51950/__cypress/runner/cypress_runner.js:121629:66)\n    at Context.then (http://localhost:51950/__cypress/runner/cypress_runner.js:121880:21)",
                "diff": "- [ 'bookingdates',\n+ [ 'additionalneeds',\n+   'bookingdates',\n   'depositpaid',\n   'firstname',\n   'lastname',\n   'totalprice' ]\n"
              },
              "uuid": "c3c66cb1-21cd-4a53-8890-2da4d65c9267",
              "parentUUID": "be384dc1-d0f9-4ee6-a298-d75ab0bf1617",
              "isHook": false,
              "skipped": false
            }
          ],
          "suites": [],
          "passes": [],
          "failures": [
            "c3c66cb1-21cd-4a53-8890-2da4d65c9267"
          ],
          "pending": [],
          "skipped": [],
          "duration": 890,
          "root": false,
          "rootEmpty": false,
          "_timeout": 2000
        }
      ],
      "passes": [],
      "failures": [],
      "pending": [],
      "skipped": [],
      "duration": 0,
      "root": true,
      "rootEmpty": true,
      "_timeout": 2000
    }
  ],
  "meta": {
    "mocha": {
      "version": "7.2.0"
    },
    "mochawesome": {
      "options": {
        "quiet": false,
        "reportFilename": "mochawesome",
        "saveHtml": false,
        "saveJson": true,
        "consoleReporter": "spec",
        "useInlineDiffs": false,
        "code": true
      },
      "version": "7.1.4"
    },
    "marge": {
      "options": {
        "reportDir": "cypress/reports",
        "overwrite": false,
        "html": false,
        "json": true
      },
      "version": "6.3.2"
    }
  }
}