{
  "stats": {
    "suites": 1,
    "tests": 1,
    "passes": 1,
    "pending": 0,
    "failures": 0,
    "start": "2025-11-19T11:16:15.447Z",
    "end": "2025-11-19T11:16:15.778Z",
    "duration": 331,
    "testsRegistered": 1,
    "passPercent": 100,
    "pendingPercent": 0,
    "other": 0,
    "hasOther": false,
    "skipped": 0,
    "hasSkipped": false
  },
  "results": [
    {
      "uuid": "bc9d3872-2cb2-4521-9189-18109b833e2a",
      "title": "",
      "fullFile": "cypress\\e2e\\Filter-Checkin &amp; Out.cy.js",
      "file": "cypress\\e2e\\Filter-Checkin &amp; Out.cy.js",
      "beforeHooks": [],
      "afterHooks": [],
      "tests": [],
      "suites": [
        {
          "uuid": "da16759e-d36e-48c4-a8b7-2e2893e0707d",
          "title": "GET API Request Template",
          "fullFile": "",
          "file": "",
          "beforeHooks": [],
          "afterHooks": [],
          "tests": [
            {
              "title": "should successfully fetch data from API for the specific checkin & check out filter",
              "fullTitle": "GET API Request Template should successfully fetch data from API for the specific checkin & check out filter",
              "timedOut": null,
              "duration": 294,
              "state": "passed",
              "speed": "fast",
              "pass": true,
              "fail": false,
              "pending": false,
              "context": null,
              "code": "cy.request({\n  method: \"GET\",\n  url: \"https://restful-booker.herokuapp.com/booking\",\n  qs: {\n    checkin: \"2023-01-03\"\n    //checkout: \"2024-03-14\",\n  }\n}).then(response => {\n  expect(response.status).to.eq(200);\n  cy.log(JSON.stringify(response.body));\n});",
              "err": {},
              "uuid": "15431aad-5186-482e-b052-e2c76dca66d7",
              "parentUUID": "da16759e-d36e-48c4-a8b7-2e2893e0707d",
              "isHook": false,
              "skipped": false
            }
          ],
          "suites": [],
          "passes": [
            "15431aad-5186-482e-b052-e2c76dca66d7"
          ],
          "failures": [],
          "pending": [],
          "skipped": [],
          "duration": 294,
          "root": false,
          "rootEmpty": false,
          "_timeout": 2000
        }
      ],
      "passes": [],
      "failures": [],
      "pending": [],
      "skipped": [],
      "duration": 0,
      "root": true,
      "rootEmpty": true,
      "_timeout": 2000
    }
  ],
  "meta": {
    "mocha": {
      "version": "7.2.0"
    },
    "mochawesome": {
      "options": {
        "quiet": false,
        "reportFilename": "mochawesome",
        "saveHtml": false,
        "saveJson": true,
        "consoleReporter": "spec",
        "useInlineDiffs": false,
        "code": true
      },
      "version": "7.1.4"
    },
    "marge": {
      "options": {
        "reportDir": "cypress/reports",
        "overwrite": false,
        "html": false,
        "json": true
      },
      "version": "6.3.2"
    }
  }
}