{
  "stats": {
    "suites": 2,
    "tests": 2,
    "passes": 1,
    "pending": 0,
    "failures": 1,
    "start": "2025-11-20T05:20:13.118Z",
    "end": "2025-11-20T05:20:14.588Z",
    "duration": 1470,
    "testsRegistered": 2,
    "passPercent": 50,
    "pendingPercent": 0,
    "other": 0,
    "hasOther": false,
    "skipped": 0,
    "hasSkipped": false
  },
  "results": [
    {
      "uuid": "b36489f3-0a48-4cea-a684-91bfd9da6fab",
      "title": "",
      "fullFile": "cypress\\e2e\\Get-bookings.cy.js",
      "file": "cypress\\e2e\\Get-bookings.cy.js",
      "beforeHooks": [],
      "afterHooks": [],
      "tests": [],
      "suites": [
        {
          "uuid": "ad8dba1c-77a8-47e9-9ef3-1df44d8b56e3",
          "title": "GET API Request Template",
          "fullFile": "",
          "file": "",
          "beforeHooks": [],
          "afterHooks": [],
          "tests": [
            {
              "title": "should successfully fetch data from API",
              "fullTitle": "GET API Request Template should successfully fetch data from API",
              "timedOut": null,
              "duration": 798,
              "state": "passed",
              "speed": "fast",
              "pass": true,
              "fail": false,
              "pending": false,
              "context": null,
              "code": "cy.request({\n  method: \"GET\",\n  url: \"https://restful-booker.herokuapp.com/booking\" // Replace with your endpoint\n}).then(response => {\n  // ✅ Check response status\n  expect(response.status).to.eq(200);\n  cy.log(\"Response Body: \" + JSON.stringify(response.body, null, 2));\n});",
              "err": {},
              "uuid": "82dad93d-cbaa-4bc1-a837-a283da3fef46",
              "parentUUID": "ad8dba1c-77a8-47e9-9ef3-1df44d8b56e3",
              "isHook": false,
              "skipped": false
            }
          ],
          "suites": [],
          "passes": [
            "82dad93d-cbaa-4bc1-a837-a283da3fef46"
          ],
          "failures": [],
          "pending": [],
          "skipped": [],
          "duration": 798,
          "root": false,
          "rootEmpty": false,
          "_timeout": 2000
        },
        {
          "uuid": "1a19d9f1-1da6-4485-b3c4-42bcf89823c3",
          "title": "GET API Request by ID Template",
          "fullFile": "",
          "file": "",
          "beforeHooks": [],
          "afterHooks": [],
          "tests": [
            {
              "title": "should successfully fetch data from API for the specific ID",
              "fullTitle": "GET API Request by ID Template should successfully fetch data from API for the specific ID",
              "timedOut": null,
              "duration": 535,
              "state": "failed",
              "speed": null,
              "pass": false,
              "fail": true,
              "pending": false,
              "context": null,
              "code": "cy.request({\n  method: \"GET\",\n  url: \"https://restful-booker.herokuapp.com/booking/337\" // Replace with your endpoint\n}).then(response => {\n  // ✅ Check response status\n  expect(response.status).to.eq(200);\n  // ✅ Check response body has expected structure\n  expect(response.body).to.have.property(\"bookingdates\");\n  expect(response.body.bookingdates).to.have.property(\"checkin\");\n  expect(response.body.bookingdates).to.have.property(\"checkout\");\n  cy.log(\"Response Body: \" + JSON.stringify(response.body, null, 2));\n});",
              "err": {
                "message": "CypressError: `cy.request()` failed on:\n\nhttps://restful-booker.herokuapp.com/booking/337\n\nThe response we received from your web server was:\n\n  > 404: Not Found\n\nThis was considered a failure because the status code was not `2xx` or `3xx`.\n\nIf you do not want status codes to cause failures pass the option: `failOnStatusCode: false`\n\n-----------------------------------------------------------\n\nThe request we sent was:\n\nMethod: GET\nURL: https://restful-booker.herokuapp.com/booking/337\nHeaders: {\n  \"Connection\": \"keep-alive\",\n  \"user-agent\": \"Mozilla/5.0 (Windows NT 10.0; Win64; x64) AppleWebKit/537.36 (KHTML, like Gecko) Cypress/15.3.0 Chrome/136.0.7103.177 Electron/36.8.1 Safari/537.36\",\n  \"accept\": \"*/*\",\n  \"accept-encoding\": \"gzip, deflate\"\n}\n\n-----------------------------------------------------------\n\nThe response we got was:\n\nStatus: 404 - Not Found\nHeaders: {\n  \"content-length\": \"9\",\n  \"content-type\": \"text/plain; charset=utf-8\",\n  \"date\": \"Thu, 20 Nov 2025 05:20:13 GMT\",\n  \"etag\": \"W/\\\"9-0gXL1ngzMqISxa6S1zx3F4wtLyg\\\"\",\n  \"nel\": \"{\\\"report_to\\\":\\\"heroku-nel\\\",\\\"response_headers\\\":[\\\"Via\\\"],\\\"max_age\\\":3600,\\\"success_fraction\\\":0.01,\\\"failure_fraction\\\":0.1}\",\n  \"report-to\": \"{\\\"group\\\":\\\"heroku-nel\\\",\\\"endpoints\\\":[{\\\"url\\\":\\\"https://nel.heroku.com/reports?s=Z%2Bn5dkNRCwtPOuUORfhVwyJHC9%2F%2FETdmax5iFn23Pjw%3D\\\\u0026sid=c46efe9b-d3d2-4a0c-8c76-bfafa16c5add\\\\u0026ts=1763616013\\\"}],\\\"max_age\\\":3600}\",\n  \"reporting-endpoints\": \"heroku-nel=\\\"https://nel.heroku.com/reports?s=Z%2Bn5dkNRCwtPOuUORfhVwyJHC9%2F%2FETdmax5iFn23Pjw%3D&sid=c46efe9b-d3d2-4a0c-8c76-bfafa16c5add&ts=1763616013\\\"\",\n  \"server\": \"Heroku\",\n  \"via\": \"1.1 heroku-router\",\n  \"x-powered-by\": \"Express\"\n}\nBody: Not Found\n\n\nhttps://on.cypress.io/request",
                "estack": "CypressError: `cy.request()` failed on:\n\nhttps://restful-booker.herokuapp.com/booking/337\n\nThe response we received from your web server was:\n\n  > 404: Not Found\n\nThis was considered a failure because the status code was not `2xx` or `3xx`.\n\nIf you do not want status codes to cause failures pass the option: `failOnStatusCode: false`\n\n-----------------------------------------------------------\n\nThe request we sent was:\n\nMethod: GET\nURL: https://restful-booker.herokuapp.com/booking/337\nHeaders: {\n  \"Connection\": \"keep-alive\",\n  \"user-agent\": \"Mozilla/5.0 (Windows NT 10.0; Win64; x64) AppleWebKit/537.36 (KHTML, like Gecko) Cypress/15.3.0 Chrome/136.0.7103.177 Electron/36.8.1 Safari/537.36\",\n  \"accept\": \"*/*\",\n  \"accept-encoding\": \"gzip, deflate\"\n}\n\n-----------------------------------------------------------\n\nThe response we got was:\n\nStatus: 404 - Not Found\nHeaders: {\n  \"content-length\": \"9\",\n  \"content-type\": \"text/plain; charset=utf-8\",\n  \"date\": \"Thu, 20 Nov 2025 05:20:13 GMT\",\n  \"etag\": \"W/\\\"9-0gXL1ngzMqISxa6S1zx3F4wtLyg\\\"\",\n  \"nel\": \"{\\\"report_to\\\":\\\"heroku-nel\\\",\\\"response_headers\\\":[\\\"Via\\\"],\\\"max_age\\\":3600,\\\"success_fraction\\\":0.01,\\\"failure_fraction\\\":0.1}\",\n  \"report-to\": \"{\\\"group\\\":\\\"heroku-nel\\\",\\\"endpoints\\\":[{\\\"url\\\":\\\"https://nel.heroku.com/reports?s=Z%2Bn5dkNRCwtPOuUORfhVwyJHC9%2F%2FETdmax5iFn23Pjw%3D\\\\u0026sid=c46efe9b-d3d2-4a0c-8c76-bfafa16c5add\\\\u0026ts=1763616013\\\"}],\\\"max_age\\\":3600}\",\n  \"reporting-endpoints\": \"heroku-nel=\\\"https://nel.heroku.com/reports?s=Z%2Bn5dkNRCwtPOuUORfhVwyJHC9%2F%2FETdmax5iFn23Pjw%3D&sid=c46efe9b-d3d2-4a0c-8c76-bfafa16c5add&ts=1763616013\\\"\",\n  \"server\": \"Heroku\",\n  \"via\": \"1.1 heroku-router\",\n  \"x-powered-by\": \"Express\"\n}\nBody: Not Found\n\n\nhttps://on.cypress.io/request\n    at <unknown> (http://localhost:51950/__cypress/runner/cypress_runner.js:136321:72)\n    at tryCatcher (http://localhost:51950/__cypress/runner/cypress_runner.js:1777:23)\n    at Promise._settlePromiseFromHandler (http://localhost:51950/__cypress/runner/cypress_runner.js:1489:31)\n    at Promise._settlePromise (http://localhost:51950/__cypress/runner/cypress_runner.js:1546:18)\n    at Promise._settlePromise0 (http://localhost:51950/__cypress/runner/cypress_runner.js:1591:10)\n    at Promise._settlePromises (http://localhost:51950/__cypress/runner/cypress_runner.js:1671:18)\n    at _drainQueueStep (http://localhost:51950/__cypress/runner/cypress_runner.js:2377:12)\n    at _drainQueue (http://localhost:51950/__cypress/runner/cypress_runner.js:2370:9)\n    at Async._drainQueues (http://localhost:51950/__cypress/runner/cypress_runner.js:2386:5)\n    at Async.drainQueues (http://localhost:51950/__cypress/runner/cypress_runner.js:2256:14)\nFrom Your Spec Code:\n    at Context.eval (webpack://api_testing/./cypress/e2e/Get-bookings.cy.js:19:7)",
                "diff": null
              },
              "uuid": "9cb56f86-8af4-44b5-882d-d139303190c5",
              "parentUUID": "1a19d9f1-1da6-4485-b3c4-42bcf89823c3",
              "isHook": false,
              "skipped": false
            }
          ],
          "suites": [],
          "passes": [],
          "failures": [
            "9cb56f86-8af4-44b5-882d-d139303190c5"
          ],
          "pending": [],
          "skipped": [],
          "duration": 535,
          "root": false,
          "rootEmpty": false,
          "_timeout": 2000
        }
      ],
      "passes": [],
      "failures": [],
      "pending": [],
      "skipped": [],
      "duration": 0,
      "root": true,
      "rootEmpty": true,
      "_timeout": 2000
    }
  ],
  "meta": {
    "mocha": {
      "version": "7.2.0"
    },
    "mochawesome": {
      "options": {
        "quiet": false,
        "reportFilename": "mochawesome",
        "saveHtml": false,
        "saveJson": true,
        "consoleReporter": "spec",
        "useInlineDiffs": false,
        "code": true
      },
      "version": "7.1.4"
    },
    "marge": {
      "options": {
        "reportDir": "cypress/reports",
        "overwrite": false,
        "html": false,
        "json": true
      },
      "version": "6.3.2"
    }
  }
}