{
  "stats": {
    "suites": 2,
    "tests": 2,
    "passes": 2,
    "pending": 0,
    "failures": 0,
    "start": "2025-11-19T10:07:12.537Z",
    "end": "2025-11-19T10:07:17.990Z",
    "duration": 5453,
    "testsRegistered": 2,
    "passPercent": 100,
    "pendingPercent": 0,
    "other": 0,
    "hasOther": false,
    "skipped": 0,
    "hasSkipped": false
  },
  "results": [
    {
      "uuid": "b71626a5-6b3e-4767-879f-0aa0c4033399",
      "title": "",
      "fullFile": "cypress\\e2e\\Get-bookings.cy.js",
      "file": "cypress\\e2e\\Get-bookings.cy.js",
      "beforeHooks": [],
      "afterHooks": [],
      "tests": [],
      "suites": [
        {
          "uuid": "51c17edb-9ca4-4ea0-a6da-95c8ea693146",
          "title": "GET API Request Template",
          "fullFile": "",
          "file": "",
          "beforeHooks": [],
          "afterHooks": [],
          "tests": [
            {
              "title": "should successfully fetch data from API",
              "fullTitle": "GET API Request Template should successfully fetch data from API",
              "timedOut": null,
              "duration": 5121,
              "state": "passed",
              "speed": "medium",
              "pass": true,
              "fail": false,
              "pending": false,
              "context": null,
              "code": "cy.request({\n  method: \"GET\",\n  url: \" https://kaplapis.accountsdash.com/api/Api/news?page=5&pageSize=5&sortBy=newsdate&sortDirection=desc\" // Replace with your endpoint\n}).then(response => {\n  // ✅ Check response status\n  expect(response.status).to.eq(200);\n  cy.log(\"Response Body: \" + JSON.stringify(response.body, null, 2));\n});",
              "err": {},
              "uuid": "de2d8a86-3e43-414e-b4ff-8df5a79d9b81",
              "parentUUID": "51c17edb-9ca4-4ea0-a6da-95c8ea693146",
              "isHook": false,
              "skipped": false
            }
          ],
          "suites": [],
          "passes": [
            "de2d8a86-3e43-414e-b4ff-8df5a79d9b81"
          ],
          "failures": [],
          "pending": [],
          "skipped": [],
          "duration": 5121,
          "root": false,
          "rootEmpty": false,
          "_timeout": 2000
        },
        {
          "uuid": "855bce2a-a838-42da-a4a8-e19b37ae1fd3",
          "title": "GET API Request Template",
          "fullFile": "",
          "file": "",
          "beforeHooks": [],
          "afterHooks": [],
          "tests": [
            {
              "title": "should successfully fetch data from API for the specific ID",
              "fullTitle": "GET API Request Template should successfully fetch data from API for the specific ID",
              "timedOut": null,
              "duration": 276,
              "state": "passed",
              "speed": "fast",
              "pass": true,
              "fail": false,
              "pending": false,
              "context": null,
              "code": "cy.request({\n  method: \"GET\",\n  url: \"https://restful-booker.herokuapp.com/booking/337\" // Replace with your endpoint\n}).then(response => {\n  // ✅ Check response status\n  expect(response.status).to.eq(200);\n  // ✅ Check response body has expected structure\n  expect(response.body).to.have.property(\"bookingdates\");\n  expect(response.body.bookingdates).to.have.property(\"checkin\");\n  expect(response.body.bookingdates).to.have.property(\"checkout\");\n  cy.log(\"Response Body: \" + JSON.stringify(response.body, null, 2));\n});",
              "err": {},
              "uuid": "36fd4cf9-bd85-4c4c-b00c-ceb98d454d79",
              "parentUUID": "855bce2a-a838-42da-a4a8-e19b37ae1fd3",
              "isHook": false,
              "skipped": false
            }
          ],
          "suites": [],
          "passes": [
            "36fd4cf9-bd85-4c4c-b00c-ceb98d454d79"
          ],
          "failures": [],
          "pending": [],
          "skipped": [],
          "duration": 276,
          "root": false,
          "rootEmpty": false,
          "_timeout": 2000
        }
      ],
      "passes": [],
      "failures": [],
      "pending": [],
      "skipped": [],
      "duration": 0,
      "root": true,
      "rootEmpty": true,
      "_timeout": 2000
    }
  ],
  "meta": {
    "mocha": {
      "version": "7.2.0"
    },
    "mochawesome": {
      "options": {
        "quiet": false,
        "reportFilename": "mochawesome",
        "saveHtml": false,
        "saveJson": true,
        "consoleReporter": "spec",
        "useInlineDiffs": false,
        "code": true
      },
      "version": "7.1.4"
    },
    "marge": {
      "options": {
        "reportDir": "cypress/reports",
        "overwrite": false,
        "html": false,
        "json": true
      },
      "version": "6.3.2"
    }
  }
}